{
  "stats": {
    "suites": 1,
    "tests": 1,
    "passes": 1,
    "pending": 0,
    "failures": 0,
    "start": "2020-07-01T08:52:22.628Z",
    "end": "2020-07-01T08:56:39.504Z",
    "duration": 256876,
    "testsRegistered": 1,
    "passPercent": 100,
    "pendingPercent": 0,
    "other": 0,
    "hasOther": false,
    "skipped": 0,
    "hasSkipped": false
  },
  "results": [
    {
      "uuid": "e8992173-9b80-423f-b494-3218f818aeff",
      "title": "",
      "fullFile": "cypress/integration/botAnalytics.spec.js",
      "file": "cypress/integration/botAnalytics.spec.js",
      "beforeHooks": [],
      "afterHooks": [],
      "tests": [],
      "suites": [
        {
          "uuid": "b0b8233a-70ad-4db9-9038-e1aad999e54d",
          "title": "Bot Analytics",
          "fullFile": "",
          "file": "",
          "beforeHooks": [],
          "afterHooks": [],
          "tests": [
            {
              "title": "Create bot - check matched and unmatched intents",
              "fullTitle": "Bot Analytics Create bot - check matched and unmatched intents",
              "timedOut": null,
              "duration": 256603,
              "state": "passed",
              "speed": "slow",
              "pass": true,
              "fail": false,
              "pending": false,
              "context": null,
              "code": "// login \ncy.login();\ncy.xpath(\"//h3[text()='Conversation Builder']\").click();\ncy.waitForCBLoad(); //create bot\ncy.get('[id=\"bna-create-bot\"]').click();\ncy.xpath('//*[@class=\"bot_name\" and text()=\"Custom Bot\"]').click();\ncy.get('[name=\"name\"]').type(botName);\ncy.xpath('//textarea[@name=\"description\"]').type('Automation_Bot_Desc');\ncy.get('[id=\"createbot_btn-save\"]').click();\ncy.waitForInteraction().its('status').should('eq', 200);\ncy.waitForConfig(); // enter intents in preview\ncy.xpath('//button[text()=\"Preview\"]').click();\nvar phrases = ['hi', 'hello', 'Kakashi', 'Hatake', 'Sensei', 'Copy Ninja', 'kopi', 'Itachi', 'Konohamaru', 'Naruto', 'Sasuke', 'Tsunade', 'Hashirama', 'Madara', 'Sai', 'Sakumo', 'white fang', 'yellow flash', 'minato', 'jiraiya', 'shikamaru', 'yahiko', 'konan', 'nagato', 'nishinoya', 'shoyo', 'kageyama'];\ncy.get('[id=\"previewpanel\"]').then(function ($iframe) {\n  var $jbody = $iframe.contents().find('body');\n  var $body = $jbody[0];\n  for (var i = 0; i < phrases.length; i++) {\n    cy.wrap($body).find('.user-input_cls').type(phrases[i]);\n    cy.wrap($body).find('.send-button').click();\n  }\n}); // close button in preview\ncy.get('[class=\"b\"]').click(); // back to home page\ncy.xpath(\"//span[text()='Back']\").click();\ncy.waitForCBLoad();\ncy.xpath(\"//span[text()='Back']\").click(); // goto bot analytics\ncy.xpath(\"//h3[text()='Bot Analytics']\").click();\ncy.waitForDataAnalyticsToLoad(180000);\ncy.xpath('//*[@name=\"search\"]').type(botName + \"{enter}\"); // set last 7 days in date picker\ncy.xpath('//*[@class=\"datatable-body-cell-label\"]').first().click();\ncy.waitUntil(function () {\n  return cy.get(\"[id='button_date']\").should('be.visible');\n}, {\n  timeout: 10000,\n  interval: 1000,\n  errorMsg: 'Datepicker ele not visible '\n});\ncy.get(\"[id='button_date']\").click();\ncy.xpath('//label[text()=\"Date range\"]/..//*[@role=\"combobox\"]').click();\ncy.xpath('//*[@class=\"mat-option-text\" and contains(text(),\"Last Seven Days\")]').click();\ncy.get('[id=\"date-btn-submit\"]').click();\ncy.waitForCalendar(); // goto intents page in bot analytics\ncy.xpath(\"//span[text()='Intents']\").click();\ncy.xpath(\"//a[contains(text(),' Unmatched Phrases ')]\").click();\ncy.waitForCalendar();\ncy.get('[class=\"datatable-icon-skip\"]').click(); // check if the second page in unmatched phrases has this text\ncy.xpath(\"//span[text()='21-25']\"); //delete the bot\ncy.get('[class=\"bc-more-icon-round\"]').click();\ncy.xpath(\"//a[text()='Bot Settings']\").click();\ncy.wait('@loadinteraction', {\n  timeout: 120000\n});\ncy.xpath(\"//h4[text()='More Settings']\").click();\ncy.get('[aria-label=\"deleteBot\"]').click();\ncy.get('[class=\"btn btn-primary\"]').click();\ncy.waitForCBLoad();",
              "err": {},
              "uuid": "11c299f8-93c5-43a6-b1aa-dd117eacf348",
              "parentUUID": "b0b8233a-70ad-4db9-9038-e1aad999e54d",
              "isHook": false,
              "skipped": false
            }
          ],
          "suites": [],
          "passes": [
            "11c299f8-93c5-43a6-b1aa-dd117eacf348"
          ],
          "failures": [],
          "pending": [],
          "skipped": [],
          "duration": 256603,
          "root": false,
          "rootEmpty": false,
          "_timeout": 2000
        }
      ],
      "passes": [],
      "failures": [],
      "pending": [],
      "skipped": [],
      "duration": 0,
      "root": true,
      "rootEmpty": true,
      "_timeout": 2000
    }
  ],
  "meta": {
    "mocha": {
      "version": "7.0.1"
    },
    "mochawesome": {
      "options": {
        "quiet": false,
        "reportFilename": "mochawesome",
        "saveHtml": true,
        "saveJson": true,
        "consoleReporter": "spec",
        "useInlineDiffs": false,
        "code": true
      },
      "version": "6.1.1"
    },
    "marge": {
      "options": {
        "charts": false,
        "html": true,
        "json": true,
        "reportDir": "cypress/report/mochawesome-report",
        "overwrite": true,
        "inline": true
      },
      "version": "5.1.0"
    }
  }
}